Running etcd-cluster seed=1

============================================================
 TopoTestix Results
 Seed: 1
 Name: etcd-cluster-seed-1
============================================================
  PASS  etcd-cluster-healthy-from-etcd1
  PASS  etcd-cluster-healthy-from-etcd2
  PASS  etcd-cluster-healthy-from-etcd3
  PASS  etcd-kv-roundtrip-etcd1-to-etcd2
  PASS  etcd-kv-roundtrip-etcd1-to-etcd3
  PASS  etcd-kv-roundtrip-etcd2-to-etcd1
  PASS  etcd-single-leader-from-etcd1
  PASS  etcd-lease-ttl-expiry-etcd1
  PASS  etcd-still-up-etcd1
  PASS  etcd-still-up-etcd2
  PASS  etcd-still-up-etcd3

 Overall: PASSED
 Run dir: /home/freerat/projects/topotestix/.topotestix/runs/20260615-175539-etcd-cluster-seed-1-etcd-cluster-seed-1
============================================================
