Running etcd-cluster seed=2

============================================================
 TopoTestix Results
 Seed: 2
 Name: etcd-cluster-seed-2-ttl-fixed
============================================================
  PASS  etcd-cluster-healthy-from-etcd1
  PASS  etcd-cluster-healthy-from-etcd2
  PASS  etcd-cluster-healthy-from-etcd3
  PASS  etcd-kv-roundtrip-etcd1-to-etcd2
  PASS  etcd-kv-roundtrip-etcd1-to-etcd3
  PASS  etcd-kv-roundtrip-etcd2-to-etcd1
  PASS  etcd-single-leader-from-etcd1
  PASS  etcd-lease-ttl-expiry-etcd1
  PASS  etcd-still-up-etcd1
  PASS  etcd-still-up-etcd2
  PASS  etcd-still-up-etcd3

 Overall: PASSED
 Run dir: /home/freerat/projects/topotestix/.topotestix/runs/20260615-180209-etcd-cluster-seed-2-etcd-cluster-seed-2-ttl-fixed
============================================================
