[1/50] kafka-cluster seed=1
  FAIL seed=1 /home/freerat/projects/topotestix/.topotestix/runs/20260613-201053-kafka-cluster-seed-1-kafka-cluster-seed-1
[2/50] kafka-cluster seed=2
  PASS seed=2 /home/freerat/projects/topotestix/.topotestix/runs/20260613-201528-kafka-cluster-seed-2-kafka-cluster-seed-2
[3/50] kafka-cluster seed=3
  PASS seed=3 /home/freerat/projects/topotestix/.topotestix/runs/20260613-201952-kafka-cluster-seed-3-kafka-cluster-seed-3
[4/50] kafka-cluster seed=4
  FAIL seed=4 /home/freerat/projects/topotestix/.topotestix/runs/20260613-202000-kafka-cluster-seed-4-kafka-cluster-seed-4
[5/50] kafka-cluster seed=5
  FAIL seed=5 /home/freerat/projects/topotestix/.topotestix/runs/20260613-202446-kafka-cluster-seed-5-kafka-cluster-seed-5
[6/50] kafka-cluster seed=6
  PASS seed=6 /home/freerat/projects/topotestix/.topotestix/runs/20260613-202923-kafka-cluster-seed-6-kafka-cluster-seed-6
[7/50] kafka-cluster seed=7
  FAIL seed=7 /home/freerat/projects/topotestix/.topotestix/runs/20260613-203352-kafka-cluster-seed-7-kafka-cluster-seed-7
[8/50] kafka-cluster seed=8
  FAIL seed=8 /home/freerat/projects/topotestix/.topotestix/runs/20260613-203832-kafka-cluster-seed-8-kafka-cluster-seed-8
[9/50] kafka-cluster seed=9
  FAIL seed=9 /home/freerat/projects/topotestix/.topotestix/runs/20260613-204310-kafka-cluster-seed-9-kafka-cluster-seed-9
[10/50] kafka-cluster seed=10
  FAIL seed=10 /home/freerat/projects/topotestix/.topotestix/runs/20260613-204747-kafka-cluster-seed-10-kafka-cluster-seed-10
[11/50] kafka-cluster seed=11
  FAIL seed=11 /home/freerat/projects/topotestix/.topotestix/runs/20260613-205229-kafka-cluster-seed-11-kafka-cluster-seed-11
[12/50] kafka-cluster seed=12
  FAIL seed=12 /home/freerat/projects/topotestix/.topotestix/runs/20260613-205706-kafka-cluster-seed-12-kafka-cluster-seed-12
[13/50] kafka-cluster seed=13
  FAIL seed=13 /home/freerat/projects/topotestix/.topotestix/runs/20260613-210143-kafka-cluster-seed-13-kafka-cluster-seed-13
[14/50] kafka-cluster seed=14
  FAIL seed=14 /home/freerat/projects/topotestix/.topotestix/runs/20260613-210152-kafka-cluster-seed-14-kafka-cluster-seed-14
[15/50] kafka-cluster seed=15
  FAIL seed=15 /home/freerat/projects/topotestix/.topotestix/runs/20260613-210626-kafka-cluster-seed-15-kafka-cluster-seed-15
[16/50] kafka-cluster seed=16
  FAIL seed=16 /home/freerat/projects/topotestix/.topotestix/runs/20260613-211102-kafka-cluster-seed-16-kafka-cluster-seed-16
[17/50] kafka-cluster seed=17
  FAIL seed=17 /home/freerat/projects/topotestix/.topotestix/runs/20260613-211535-kafka-cluster-seed-17-kafka-cluster-seed-17
[18/50] kafka-cluster seed=18
  FAIL seed=18 /home/freerat/projects/topotestix/.topotestix/runs/20260613-212015-kafka-cluster-seed-18-kafka-cluster-seed-18
[19/50] kafka-cluster seed=19
  FAIL seed=19 /home/freerat/projects/topotestix/.topotestix/runs/20260613-212452-kafka-cluster-seed-19-kafka-cluster-seed-19
[20/50] kafka-cluster seed=20
  FAIL seed=20 /home/freerat/projects/topotestix/.topotestix/runs/20260613-212931-kafka-cluster-seed-20-kafka-cluster-seed-20
[21/50] kafka-cluster seed=21
  PASS seed=21 /home/freerat/projects/topotestix/.topotestix/runs/20260613-213411-kafka-cluster-seed-21-kafka-cluster-seed-21
[22/50] kafka-cluster seed=22
  FAIL seed=22 /home/freerat/projects/topotestix/.topotestix/runs/20260613-213829-kafka-cluster-seed-22-kafka-cluster-seed-22
[23/50] kafka-cluster seed=23
  FAIL seed=23 /home/freerat/projects/topotestix/.topotestix/runs/20260613-214309-kafka-cluster-seed-23-kafka-cluster-seed-23
[24/50] kafka-cluster seed=24
  PASS seed=24 /home/freerat/projects/topotestix/.topotestix/runs/20260613-214748-kafka-cluster-seed-24-kafka-cluster-seed-24
[25/50] kafka-cluster seed=25
  PASS seed=25 /home/freerat/projects/topotestix/.topotestix/runs/20260613-215213-kafka-cluster-seed-25-kafka-cluster-seed-25
[26/50] kafka-cluster seed=26
  PASS seed=26 /home/freerat/projects/topotestix/.topotestix/runs/20260613-215642-kafka-cluster-seed-26-kafka-cluster-seed-26
[27/50] kafka-cluster seed=27
  PASS seed=27 /home/freerat/projects/topotestix/.topotestix/runs/20260613-220101-kafka-cluster-seed-27-kafka-cluster-seed-27
[28/50] kafka-cluster seed=28
  FAIL seed=28 /home/freerat/projects/topotestix/.topotestix/runs/20260613-220526-kafka-cluster-seed-28-kafka-cluster-seed-28
[29/50] kafka-cluster seed=29
  PASS seed=29 /home/freerat/projects/topotestix/.topotestix/runs/20260613-221005-kafka-cluster-seed-29-kafka-cluster-seed-29
[30/50] kafka-cluster seed=30
  PASS seed=30 /home/freerat/projects/topotestix/.topotestix/runs/20260613-221431-kafka-cluster-seed-30-kafka-cluster-seed-30
[31/50] kafka-cluster seed=31
  FAIL seed=31 /home/freerat/projects/topotestix/.topotestix/runs/20260613-221855-kafka-cluster-seed-31-kafka-cluster-seed-31
[32/50] kafka-cluster seed=32
  FAIL seed=32 /home/freerat/projects/topotestix/.topotestix/runs/20260613-222329-kafka-cluster-seed-32-kafka-cluster-seed-32
[33/50] kafka-cluster seed=33
  FAIL seed=33 /home/freerat/projects/topotestix/.topotestix/runs/20260613-222808-kafka-cluster-seed-33-kafka-cluster-seed-33
[34/50] kafka-cluster seed=34
  FAIL seed=34 /home/freerat/projects/topotestix/.topotestix/runs/20260613-223243-kafka-cluster-seed-34-kafka-cluster-seed-34
[35/50] kafka-cluster seed=35
  FAIL seed=35 /home/freerat/projects/topotestix/.topotestix/runs/20260613-223719-kafka-cluster-seed-35-kafka-cluster-seed-35
[36/50] kafka-cluster seed=36
  FAIL seed=36 /home/freerat/projects/topotestix/.topotestix/runs/20260613-224200-kafka-cluster-seed-36-kafka-cluster-seed-36
[37/50] kafka-cluster seed=37
  FAIL seed=37 /home/freerat/projects/topotestix/.topotestix/runs/20260613-224640-kafka-cluster-seed-37-kafka-cluster-seed-37
[38/50] kafka-cluster seed=38
  PASS seed=38 /home/freerat/projects/topotestix/.topotestix/runs/20260613-225123-kafka-cluster-seed-38-kafka-cluster-seed-38
[39/50] kafka-cluster seed=39
  PASS seed=39 /home/freerat/projects/topotestix/.topotestix/runs/20260613-225543-kafka-cluster-seed-39-kafka-cluster-seed-39
[40/50] kafka-cluster seed=40
  FAIL seed=40 /home/freerat/projects/topotestix/.topotestix/runs/20260613-230015-kafka-cluster-seed-40-kafka-cluster-seed-40
[41/50] kafka-cluster seed=41
  FAIL seed=41 /home/freerat/projects/topotestix/.topotestix/runs/20260613-230459-kafka-cluster-seed-41-kafka-cluster-seed-41
[42/50] kafka-cluster seed=42
  PASS seed=42 /home/freerat/projects/topotestix/.topotestix/runs/20260613-230934-kafka-cluster-seed-42-kafka-cluster-seed-42
[43/50] kafka-cluster seed=43
  FAIL seed=43 /home/freerat/projects/topotestix/.topotestix/runs/20260613-231358-kafka-cluster-seed-43-kafka-cluster-seed-43
[44/50] kafka-cluster seed=44
  FAIL seed=44 /home/freerat/projects/topotestix/.topotestix/runs/20260613-231834-kafka-cluster-seed-44-kafka-cluster-seed-44
[45/50] kafka-cluster seed=45
  FAIL seed=45 /home/freerat/projects/topotestix/.topotestix/runs/20260613-232312-kafka-cluster-seed-45-kafka-cluster-seed-45
[46/50] kafka-cluster seed=46
  FAIL seed=46 /home/freerat/projects/topotestix/.topotestix/runs/20260613-232751-kafka-cluster-seed-46-kafka-cluster-seed-46
[47/50] kafka-cluster seed=47
  FAIL seed=47 /home/freerat/projects/topotestix/.topotestix/runs/20260613-233229-kafka-cluster-seed-47-kafka-cluster-seed-47
[48/50] kafka-cluster seed=48
  FAIL seed=48 /home/freerat/projects/topotestix/.topotestix/runs/20260613-233707-kafka-cluster-seed-48-kafka-cluster-seed-48
[49/50] kafka-cluster seed=49
  FAIL seed=49 /home/freerat/projects/topotestix/.topotestix/runs/20260613-234143-kafka-cluster-seed-49-kafka-cluster-seed-49
[50/50] kafka-cluster seed=50
  FAIL seed=50 /home/freerat/projects/topotestix/.topotestix/runs/20260613-234622-kafka-cluster-seed-50-kafka-cluster-seed-50
Completed 50 planned runs; completed=50 skipped=0 failures=37
sweep_exit:1
